<?xml version="1.0" encoding="UTF-8"?>
<testsuite xmlns:xsi="http://www.w3.org/2001/XMLSchema-instance" xsi:noNamespaceSchemaLocation="https://maven.apache.org/surefire/maven-surefire-plugin/xsd/surefire-test-report-3.0.xsd" version="3.0" name="Server.ArknightsTest" time="0.032" tests="4" errors="0" skipped="0" failures="0">
  <properties>
[...]
</properties>
  <testcase name="handlesZeroInputs" classname="Server.ArknightsTest" time="0.003"/>
  <testcase name="sumsInputsCorrectly" classname="Server.ArknightsTest" time="0.0"/>
  <testcase name="handlesEricInputs" classname="Server.ArknightsTest" time="0.0"/>
  <testcase name="handlesTamagoInputs" classname="Server.ArknightsTest" time="0.0"/>
</testsuite>